# JRE version: Java(TM) SE Runtime Environment (8.0_91-b14) (build 1.8.0_91-b14)
# Java VM: Java HotSpot(TM) 64-Bit Server VM (25.91-b14 mixed mode linux-amd64 compressed oops)
Heap:
 PSYoungGen      total 68608K, used 9141K [0x00000000d7100000, 0x00000000df700000, 0x0000000100000000)
  eden space 63488K, 14% used [0x00000000d7100000,0x00000000d79ed7c8,0x00000000daf00000)
  from space 5120K, 0% used [0x00000000daf00000,0x00000000daf00000,0x00000000db400000)
  to   space 5120K, 0% used [0x00000000df200000,0x00000000df200000,0x00000000df700000)
 ParOldGen       total 80896K, used 27777K [0x0000000085200000, 0x000000008a100000, 0x00000000d7100000)
  object space 80896K, 34% used [0x0000000085200000,0x0000000086d20468,0x000000008a100000)
 Metaspace       used 22414K, capacity 23266K, committed 23424K, reserved 1069056K
  class space    used 3164K, capacity 3369K, committed 3456K, reserved 1048576K
GC Heap History (8 events):
Event: 1.866 GC heap before
{Heap before GC invocations=1 (full 0):
 PSYoungGen      total 36864K, used 31744K [0x00000000d7100000, 0x00000000d9a00000, 0x0000000100000000)
  eden space 31744K, 100% used [0x00000000d7100000,0x00000000d9000000,0x00000000d9000000)
  from space 5120K, 0% used [0x00000000d9500000,0x00000000d9500000,0x00000000d9a00000)
  to   space 5120K, 0% used [0x00000000d9000000,0x00000000d9000000,0x00000000d9500000)
 ParOldGen       total 84992K, used 17578K [0x0000000085200000, 0x000000008a500000, 0x00000000d7100000)
  object space 84992K, 20% used [0x0000000085200000,0x000000008632a890,0x000000008a500000)
 Metaspace       used 12516K, capacity 13024K, committed 13184K, reserved 1060864K
  class space    used 1737K, capacity 1893K, committed 1920K, reserved 1048576K
Event: 1.893 GC heap after
Heap after GC invocations=1 (full 0):
 PSYoungGen      total 36864K, used 4823K [0x00000000d7100000, 0x00000000db900000, 0x0000000100000000)
  eden space 31744K, 0% used [0x00000000d7100000,0x00000000d7100000,0x00000000d9000000)
  from space 5120K, 94% used [0x00000000d9000000,0x00000000d94b5ce8,0x00000000d9500000)
  to   space 5120K, 0% used [0x00000000db400000,0x00000000db400000,0x00000000db900000)
 ParOldGen       total 84992K, used 17586K [0x0000000085200000, 0x000000008a500000, 0x00000000d7100000)
  object space 84992K, 20% used [0x0000000085200000,0x000000008632c890,0x000000008a500000)
 Metaspace       used 12516K, capacity 13024K, committed 13184K, reserved 1060864K
  class space    used 1737K, capacity 1893K, committed 1920K, reserved 1048576K
}
Event: 3.538 GC heap before
{Heap before GC invocations=2 (full 0):
 PSYoungGen      total 36864K, used 36567K [0x00000000d7100000, 0x00000000db900000, 0x0000000100000000)
  eden space 31744K, 100% used [0x00000000d7100000,0x00000000d9000000,0x00000000d9000000)
  from space 5120K, 94% used [0x00000000d9000000,0x00000000d94b5ce8,0x00000000d9500000)
  to   space 5120K, 0% used [0x00000000db400000,0x00000000db400000,0x00000000db900000)
 ParOldGen       total 84992K, used 17586K [0x0000000085200000, 0x000000008a500000, 0x00000000d7100000)
  object space 84992K, 20% used [0x0000000085200000,0x000000008632c890,0x000000008a500000)
 Metaspace       used 17682K, capacity 18270K, committed 18432K, reserved 1064960K
  class space    used 2387K, capacity 2555K, committed 2560K, reserved 1048576K
Event: 3.563 GC heap after
Heap after GC invocations=2 (full 0):
 PSYoungGen      total 68608K, used 5089K [0x00000000d7100000, 0x00000000db900000, 0x0000000100000000)
  eden space 63488K, 0% used [0x00000000d7100000,0x00000000d7100000,0x00000000daf00000)
  from space 5120K, 99% used [0x00000000db400000,0x00000000db8f8500,0x00000000db900000)
  to   space 5120K, 0% used [0x00000000daf00000,0x00000000daf00000,0x00000000db400000)
 ParOldGen       total 84992K, used 20320K [0x0000000085200000, 0x000000008a500000, 0x00000000d7100000)
  object space 84992K, 23% used [0x0000000085200000,0x00000000865d8100,0x000000008a500000)
 Metaspace       used 17682K, capacity 18270K, committed 18432K, reserved 1064960K
  class space    used 2387K, capacity 2555K, committed 2560K, reserved 1048576K
}
Event: 5.585 GC heap before
{Heap before GC invocations=3 (full 0):
 PSYoungGen      total 68608K, used 23265K [0x00000000d7100000, 0x00000000db900000, 0x0000000100000000)
  eden space 63488K, 28% used [0x00000000d7100000,0x00000000d82bff60,0x00000000daf00000)
  from space 5120K, 99% used [0x00000000db400000,0x00000000db8f8500,0x00000000db900000)
  to   space 5120K, 0% used [0x00000000daf00000,0x00000000daf00000,0x00000000db400000)
 ParOldGen       total 84992K, used 20320K [0x0000000085200000, 0x000000008a500000, 0x00000000d7100000)
  object space 84992K, 23% used [0x0000000085200000,0x00000000865d8100,0x000000008a500000)
 Metaspace       used 20469K, capacity 21098K, committed 21248K, reserved 1067008K
  class space    used 2763K, capacity 2957K, committed 3072K, reserved 1048576K
Event: 5.601 GC heap after
Heap after GC invocations=3 (full 0):
 PSYoungGen      total 68608K, used 5108K [0x00000000d7100000, 0x00000000df700000, 0x0000000100000000)
  eden space 63488K, 0% used [0x00000000d7100000,0x00000000d7100000,0x00000000daf00000)
  from space 5120K, 99% used [0x00000000daf00000,0x00000000db3fd278,0x00000000db400000)
  to   space 5120K, 0% used [0x00000000df200000,0x00000000df200000,0x00000000df700000)
 ParOldGen       total 84992K, used 24072K [0x0000000085200000, 0x000000008a500000, 0x00000000d7100000)
  object space 84992K, 28% used [0x0000000085200000,0x0000000086982190,0x000000008a500000)
 Metaspace       used 20469K, capacity 21098K, committed 21248K, reserved 1067008K
  class space    used 2763K, capacity 2957K, committed 3072K, reserved 1048576K
}
Event: 5.601 GC heap before
{Heap before GC invocations=4 (full 1):
 PSYoungGen      total 68608K, used 5108K [0x00000000d7100000, 0x00000000df700000, 0x0000000100000000)
  eden space 63488K, 0% used [0x00000000d7100000,0x00000000d7100000,0x00000000daf00000)
  from space 5120K, 99% used [0x00000000daf00000,0x00000000db3fd278,0x00000000db400000)
  to   space 5120K, 0% used [0x00000000df200000,0x00000000df200000,0x00000000df700000)
 ParOldGen       total 84992K, used 24072K [0x0000000085200000, 0x000000008a500000, 0x00000000d7100000)
  object space 84992K, 28% used [0x0000000085200000,0x0000000086982190,0x000000008a500000)
 Metaspace       used 20469K, capacity 21098K, committed 21248K, reserved 1067008K
  class space    used 2763K, capacity 2957K, committed 3072K, reserved 1048576K
Event: 5.651 GC heap after
Heap after GC invocations=4 (full 1):
 PSYoungGen      total 68608K, used 0K [0x00000000d7100000, 0x00000000df700000, 0x0000000100000000)
  eden space 63488K, 0% used [0x00000000d7100000,0x00000000d7100000,0x00000000daf00000)
  from space 5120K, 0% used [0x00000000daf00000,0x00000000daf00000,0x00000000db400000)
  to   space 5120K, 0% used [0x00000000df200000,0x00000000df200000,0x00000000df700000)
 ParOldGen       total 80896K, used 27777K [0x0000000085200000, 0x000000008a100000, 0x00000000d7100000)
  object space 80896K, 34% used [0x0000000085200000,0x0000000086d20468,0x000000008a100000)
 Metaspace       used 20469K, capacity 21098K, committed 21248K, reserved 1067008K
  class space    used 2763K, capacity 2957K, committed 3072K, reserved 1048576K
}

