# JRE version: Java(TM) SE Runtime Environment (8.0_91-b14) (build 1.8.0_91-b14)
# Java VM: Java HotSpot(TM) 64-Bit Server VM (25.91-b14 mixed mode linux-amd64 compressed oops)
Heap:
 PSYoungGen      total 36864K, used 8491K [0x00000000d7100000, 0x00000000db900000, 0x0000000100000000)
  eden space 31744K, 26% used [0x00000000d7100000,0x00000000d794ad80,0x00000000d9000000)
  from space 5120K, 0% used [0x00000000d9000000,0x00000000d9000000,0x00000000d9500000)
  to   space 5120K, 0% used [0x00000000db400000,0x00000000db400000,0x00000000db900000)
 ParOldGen       total 79872K, used 27762K [0x0000000085200000, 0x000000008a000000, 0x00000000d7100000)
  object space 79872K, 34% used [0x0000000085200000,0x0000000086d1c9c8,0x000000008a000000)
 Metaspace       used 22434K, capacity 23268K, committed 23424K, reserved 1069056K
  class space    used 3164K, capacity 3368K, committed 3456K, reserved 1048576K
GC Heap History (8 events):
Event: 1.712 GC heap before
{Heap before GC invocations=1 (full 0):
 PSYoungGen      total 36864K, used 31744K [0x00000000d7100000, 0x00000000d9a00000, 0x0000000100000000)
  eden space 31744K, 100% used [0x00000000d7100000,0x00000000d9000000,0x00000000d9000000)
  from space 5120K, 0% used [0x00000000d9500000,0x00000000d9500000,0x00000000d9a00000)
  to   space 5120K, 0% used [0x00000000d9000000,0x00000000d9000000,0x00000000d9500000)
 ParOldGen       total 84992K, used 17578K [0x0000000085200000, 0x000000008a500000, 0x00000000d7100000)
  object space 84992K, 20% used [0x0000000085200000,0x000000008632a890,0x000000008a500000)
 Metaspace       used 12475K, capacity 13004K, committed 13184K, reserved 1060864K
  class space    used 1730K, capacity 1885K, committed 1920K, reserved 1048576K
Event: 1.729 GC heap after
Heap after GC invocations=1 (full 0):
 PSYoungGen      total 36864K, used 4804K [0x00000000d7100000, 0x00000000d9a00000, 0x0000000100000000)
  eden space 31744K, 0% used [0x00000000d7100000,0x00000000d7100000,0x00000000d9000000)
  from space 5120K, 93% used [0x00000000d9000000,0x00000000d94b1288,0x00000000d9500000)
  to   space 5120K, 0% used [0x00000000d9500000,0x00000000d9500000,0x00000000d9a00000)
 ParOldGen       total 84992K, used 17586K [0x0000000085200000, 0x000000008a500000, 0x00000000d7100000)
  object space 84992K, 20% used [0x0000000085200000,0x000000008632c890,0x000000008a500000)
 Metaspace       used 12475K, capacity 13004K, committed 13184K, reserved 1060864K
  class space    used 1730K, capacity 1885K, committed 1920K, reserved 1048576K
}
Event: 3.670 GC heap before
{Heap before GC invocations=2 (full 0):
 PSYoungGen      total 36864K, used 36548K [0x00000000d7100000, 0x00000000d9a00000, 0x0000000100000000)
  eden space 31744K, 100% used [0x00000000d7100000,0x00000000d9000000,0x00000000d9000000)
  from space 5120K, 93% used [0x00000000d9000000,0x00000000d94b1288,0x00000000d9500000)
  to   space 5120K, 0% used [0x00000000d9500000,0x00000000d9500000,0x00000000d9a00000)
 ParOldGen       total 84992K, used 17586K [0x0000000085200000, 0x000000008a500000, 0x00000000d7100000)
  object space 84992K, 20% used [0x0000000085200000,0x000000008632c890,0x000000008a500000)
 Metaspace       used 17575K, capacity 18202K, committed 18432K, reserved 1064960K
  class space    used 2365K, capacity 2555K, committed 2560K, reserved 1048576K
Event: 3.701 GC heap after
Heap after GC invocations=2 (full 0):
 PSYoungGen      total 36864K, used 5107K [0x00000000d7100000, 0x00000000db900000, 0x0000000100000000)
  eden space 31744K, 0% used [0x00000000d7100000,0x00000000d7100000,0x00000000d9000000)
  from space 5120K, 99% used [0x00000000d9500000,0x00000000d99fcf80,0x00000000d9a00000)
  to   space 5120K, 0% used [0x00000000d9000000,0x00000000d9000000,0x00000000d9500000)
 ParOldGen       total 84992K, used 20335K [0x0000000085200000, 0x000000008a500000, 0x00000000d7100000)
  object space 84992K, 23% used [0x0000000085200000,0x00000000865dbc08,0x000000008a500000)
 Metaspace       used 17575K, capacity 18202K, committed 18432K, reserved 1064960K
  class space    used 2365K, capacity 2555K, committed 2560K, reserved 1048576K
}
Event: 4.672 GC heap before
{Heap before GC invocations=3 (full 0):
 PSYoungGen      total 36864K, used 21430K [0x00000000d7100000, 0x00000000db900000, 0x0000000100000000)
  eden space 31744K, 51% used [0x00000000d7100000,0x00000000d80f0bf8,0x00000000d9000000)
  from space 5120K, 99% used [0x00000000d9500000,0x00000000d99fcf80,0x00000000d9a00000)
  to   space 5120K, 0% used [0x00000000d9000000,0x00000000d9000000,0x00000000d9500000)
 ParOldGen       total 84992K, used 20335K [0x0000000085200000, 0x000000008a500000, 0x00000000d7100000)
  object space 84992K, 23% used [0x0000000085200000,0x00000000865dbc08,0x000000008a500000)
 Metaspace       used 20416K, capacity 21034K, committed 21248K, reserved 1067008K
  class space    used 2757K, capacity 2957K, committed 3072K, reserved 1048576K
Event: 4.690 GC heap after
Heap after GC invocations=3 (full 0):
 PSYoungGen      total 36864K, used 5107K [0x00000000d7100000, 0x00000000db900000, 0x0000000100000000)
  eden space 31744K, 0% used [0x00000000d7100000,0x00000000d7100000,0x00000000d9000000)
  from space 5120K, 99% used [0x00000000d9000000,0x00000000d94fcfa0,0x00000000d9500000)
  to   space 5120K, 0% used [0x00000000db400000,0x00000000db400000,0x00000000db900000)
 ParOldGen       total 84992K, used 24074K [0x0000000085200000, 0x000000008a500000, 0x00000000d7100000)
  object space 84992K, 28% used [0x0000000085200000,0x00000000869829a8,0x000000008a500000)
 Metaspace       used 20416K, capacity 21034K, committed 21248K, reserved 1067008K
  class space    used 2757K, capacity 2957K, committed 3072K, reserved 1048576K
}
Event: 4.690 GC heap before
{Heap before GC invocations=4 (full 1):
 PSYoungGen      total 36864K, used 5107K [0x00000000d7100000, 0x00000000db900000, 0x0000000100000000)
  eden space 31744K, 0% used [0x00000000d7100000,0x00000000d7100000,0x00000000d9000000)
  from space 5120K, 99% used [0x00000000d9000000,0x00000000d94fcfa0,0x00000000d9500000)
  to   space 5120K, 0% used [0x00000000db400000,0x00000000db400000,0x00000000db900000)
 ParOldGen       total 84992K, used 24074K [0x0000000085200000, 0x000000008a500000, 0x00000000d7100000)
  object space 84992K, 28% used [0x0000000085200000,0x00000000869829a8,0x000000008a500000)
 Metaspace       used 20416K, capacity 21034K, committed 21248K, reserved 1067008K
  class space    used 2757K, capacity 2957K, committed 3072K, reserved 1048576K
Event: 4.736 GC heap after
Heap after GC invocations=4 (full 1):
 PSYoungGen      total 36864K, used 0K [0x00000000d7100000, 0x00000000db900000, 0x0000000100000000)
  eden space 31744K, 0% used [0x00000000d7100000,0x00000000d7100000,0x00000000d9000000)
  from space 5120K, 0% used [0x00000000d9000000,0x00000000d9000000,0x00000000d9500000)
  to   space 5120K, 0% used [0x00000000db400000,0x00000000db400000,0x00000000db900000)
 ParOldGen       total 79872K, used 27762K [0x0000000085200000, 0x000000008a000000, 0x00000000d7100000)
  object space 79872K, 34% used [0x0000000085200000,0x0000000086d1c9c8,0x000000008a000000)
 Metaspace       used 20416K, capacity 21034K, committed 21248K, reserved 1067008K
  class space    used 2757K, capacity 2957K, committed 3072K, reserved 1048576K
}

