# JRE version: Java(TM) SE Runtime Environment (8.0_91-b14) (build 1.8.0_91-b14)
# Java VM: Java HotSpot(TM) 64-Bit Server VM (25.91-b14 mixed mode linux-amd64 compressed oops)
Heap:
 PSYoungGen      total 36864K, used 8339K [0x00000000d7100000, 0x00000000db480000, 0x0000000100000000)
  eden space 31744K, 26% used [0x00000000d7100000,0x00000000d7924d20,0x00000000d9000000)
  from space 5120K, 0% used [0x00000000d9000000,0x00000000d9000000,0x00000000d9500000)
  to   space 5120K, 0% used [0x00000000daf80000,0x00000000daf80000,0x00000000db480000)
 ParOldGen       total 84480K, used 27780K [0x0000000085200000, 0x000000008a480000, 0x00000000d7100000)
  object space 84480K, 32% used [0x0000000085200000,0x0000000086d21398,0x000000008a480000)
 Metaspace       used 22518K, capacity 23332K, committed 23424K, reserved 1069056K
  class space    used 3156K, capacity 3368K, committed 3456K, reserved 1048576K
GC Heap History (8 events):
Event: 1.595 GC heap before
{Heap before GC invocations=1 (full 0):
 PSYoungGen      total 36864K, used 31744K [0x00000000d7100000, 0x00000000d9a00000, 0x0000000100000000)
  eden space 31744K, 100% used [0x00000000d7100000,0x00000000d9000000,0x00000000d9000000)
  from space 5120K, 0% used [0x00000000d9500000,0x00000000d9500000,0x00000000d9a00000)
  to   space 5120K, 0% used [0x00000000d9000000,0x00000000d9000000,0x00000000d9500000)
 ParOldGen       total 84992K, used 17578K [0x0000000085200000, 0x000000008a500000, 0x00000000d7100000)
  object space 84992K, 20% used [0x0000000085200000,0x000000008632a890,0x000000008a500000)
 Metaspace       used 12482K, capacity 13012K, committed 13184K, reserved 1060864K
  class space    used 1734K, capacity 1889K, committed 1920K, reserved 1048576K
Event: 1.612 GC heap after
Heap after GC invocations=1 (full 0):
 PSYoungGen      total 36864K, used 4839K [0x00000000d7100000, 0x00000000db900000, 0x0000000100000000)
  eden space 31744K, 0% used [0x00000000d7100000,0x00000000d7100000,0x00000000d9000000)
  from space 5120K, 94% used [0x00000000d9000000,0x00000000d94b9cf8,0x00000000d9500000)
  to   space 5120K, 0% used [0x00000000db400000,0x00000000db400000,0x00000000db900000)
 ParOldGen       total 84992K, used 17586K [0x0000000085200000, 0x000000008a500000, 0x00000000d7100000)
  object space 84992K, 20% used [0x0000000085200000,0x000000008632c890,0x000000008a500000)
 Metaspace       used 12482K, capacity 13012K, committed 13184K, reserved 1060864K
  class space    used 1734K, capacity 1889K, committed 1920K, reserved 1048576K
}
Event: 3.261 GC heap before
{Heap before GC invocations=2 (full 0):
 PSYoungGen      total 36864K, used 36583K [0x00000000d7100000, 0x00000000db900000, 0x0000000100000000)
  eden space 31744K, 100% used [0x00000000d7100000,0x00000000d9000000,0x00000000d9000000)
  from space 5120K, 94% used [0x00000000d9000000,0x00000000d94b9cf8,0x00000000d9500000)
  to   space 5120K, 0% used [0x00000000db400000,0x00000000db400000,0x00000000db900000)
 ParOldGen       total 84992K, used 17586K [0x0000000085200000, 0x000000008a500000, 0x00000000d7100000)
  object space 84992K, 20% used [0x0000000085200000,0x000000008632c890,0x000000008a500000)
 Metaspace       used 17894K, capacity 18554K, committed 18816K, reserved 1064960K
  class space    used 2404K, capacity 2587K, committed 2688K, reserved 1048576K
Event: 3.269 GC heap after
Heap after GC invocations=2 (full 0):
 PSYoungGen      total 36864K, used 5089K [0x00000000d7100000, 0x00000000db900000, 0x0000000100000000)
  eden space 31744K, 0% used [0x00000000d7100000,0x00000000d7100000,0x00000000d9000000)
  from space 5120K, 99% used [0x00000000db400000,0x00000000db8f84e0,0x00000000db900000)
  to   space 5120K, 0% used [0x00000000d9000000,0x00000000d9000000,0x00000000d9500000)
 ParOldGen       total 84992K, used 20353K [0x0000000085200000, 0x000000008a500000, 0x00000000d7100000)
  object space 84992K, 23% used [0x0000000085200000,0x00000000865e0688,0x000000008a500000)
 Metaspace       used 17894K, capacity 18554K, committed 18816K, reserved 1064960K
  class space    used 2404K, capacity 2587K, committed 2688K, reserved 1048576K
}
Event: 4.406 GC heap before
{Heap before GC invocations=3 (full 0):
 PSYoungGen      total 36864K, used 21537K [0x00000000d7100000, 0x00000000db900000, 0x0000000100000000)
  eden space 31744K, 51% used [0x00000000d7100000,0x00000000d810ffb0,0x00000000d9000000)
  from space 5120K, 99% used [0x00000000db400000,0x00000000db8f84e0,0x00000000db900000)
  to   space 5120K, 0% used [0x00000000d9000000,0x00000000d9000000,0x00000000d9500000)
 ParOldGen       total 84992K, used 20353K [0x0000000085200000, 0x000000008a500000, 0x00000000d7100000)
  object space 84992K, 23% used [0x0000000085200000,0x00000000865e0688,0x000000008a500000)
 Metaspace       used 20403K, capacity 21034K, committed 21248K, reserved 1067008K
  class space    used 2755K, capacity 2957K, committed 3072K, reserved 1048576K
Event: 4.413 GC heap after
Heap after GC invocations=3 (full 0):
 PSYoungGen      total 36864K, used 5100K [0x00000000d7100000, 0x00000000db480000, 0x0000000100000000)
  eden space 31744K, 0% used [0x00000000d7100000,0x00000000d7100000,0x00000000d9000000)
  from space 5120K, 99% used [0x00000000d9000000,0x00000000d94fb240,0x00000000d9500000)
  to   space 5120K, 0% used [0x00000000daf80000,0x00000000daf80000,0x00000000db480000)
 ParOldGen       total 84992K, used 24071K [0x0000000085200000, 0x000000008a500000, 0x00000000d7100000)
  object space 84992K, 28% used [0x0000000085200000,0x0000000086981d10,0x000000008a500000)
 Metaspace       used 20403K, capacity 21034K, committed 21248K, reserved 1067008K
  class space    used 2755K, capacity 2957K, committed 3072K, reserved 1048576K
}
Event: 4.413 GC heap before
{Heap before GC invocations=4 (full 1):
 PSYoungGen      total 36864K, used 5100K [0x00000000d7100000, 0x00000000db480000, 0x0000000100000000)
  eden space 31744K, 0% used [0x00000000d7100000,0x00000000d7100000,0x00000000d9000000)
  from space 5120K, 99% used [0x00000000d9000000,0x00000000d94fb240,0x00000000d9500000)
  to   space 5120K, 0% used [0x00000000daf80000,0x00000000daf80000,0x00000000db480000)
 ParOldGen       total 84992K, used 24071K [0x0000000085200000, 0x000000008a500000, 0x00000000d7100000)
  object space 84992K, 28% used [0x0000000085200000,0x0000000086981d10,0x000000008a500000)
 Metaspace       used 20403K, capacity 21034K, committed 21248K, reserved 1067008K
  class space    used 2755K, capacity 2957K, committed 3072K, reserved 1048576K
Event: 4.449 GC heap after
Heap after GC invocations=4 (full 1):
 PSYoungGen      total 36864K, used 0K [0x00000000d7100000, 0x00000000db480000, 0x0000000100000000)
  eden space 31744K, 0% used [0x00000000d7100000,0x00000000d7100000,0x00000000d9000000)
  from space 5120K, 0% used [0x00000000d9000000,0x00000000d9000000,0x00000000d9500000)
  to   space 5120K, 0% used [0x00000000daf80000,0x00000000daf80000,0x00000000db480000)
 ParOldGen       total 84480K, used 27780K [0x0000000085200000, 0x000000008a480000, 0x00000000d7100000)
  object space 84480K, 32% used [0x0000000085200000,0x0000000086d21398,0x000000008a480000)
 Metaspace       used 20403K, capacity 21034K, committed 21248K, reserved 1067008K
  class space    used 2755K, capacity 2957K, committed 3072K, reserved 1048576K
}

