# JRE version: Java(TM) SE Runtime Environment (8.0_91-b14) (build 1.8.0_91-b14)
# Java VM: Java HotSpot(TM) 64-Bit Server VM (25.91-b14 mixed mode linux-amd64 compressed oops)
Heap:
 PSYoungGen      total 36864K, used 8370K [0x00000000d7100000, 0x00000000db480000, 0x0000000100000000)
  eden space 31744K, 26% used [0x00000000d7100000,0x00000000d792c8c8,0x00000000d9000000)
  from space 5120K, 0% used [0x00000000d9000000,0x00000000d9000000,0x00000000d9500000)
  to   space 5120K, 0% used [0x00000000daf80000,0x00000000daf80000,0x00000000db480000)
 ParOldGen       total 85504K, used 27764K [0x0000000085200000, 0x000000008a580000, 0x00000000d7100000)
  object space 85504K, 32% used [0x0000000085200000,0x0000000086d1d060,0x000000008a580000)
 Metaspace       used 22593K, capacity 23458K, committed 23680K, reserved 1069056K
  class space    used 3166K, capacity 3367K, committed 3456K, reserved 1048576K
GC Heap History (8 events):
Event: 1.612 GC heap before
{Heap before GC invocations=1 (full 0):
 PSYoungGen      total 36864K, used 31744K [0x00000000d7100000, 0x00000000d9a00000, 0x0000000100000000)
  eden space 31744K, 100% used [0x00000000d7100000,0x00000000d9000000,0x00000000d9000000)
  from space 5120K, 0% used [0x00000000d9500000,0x00000000d9500000,0x00000000d9a00000)
  to   space 5120K, 0% used [0x00000000d9000000,0x00000000d9000000,0x00000000d9500000)
 ParOldGen       total 84992K, used 17578K [0x0000000085200000, 0x000000008a500000, 0x00000000d7100000)
  object space 84992K, 20% used [0x0000000085200000,0x000000008632a890,0x000000008a500000)
 Metaspace       used 12477K, capacity 13004K, committed 13184K, reserved 1060864K
  class space    used 1731K, capacity 1885K, committed 1920K, reserved 1048576K
Event: 1.631 GC heap after
Heap after GC invocations=1 (full 0):
 PSYoungGen      total 36864K, used 4871K [0x00000000d7100000, 0x00000000db900000, 0x0000000100000000)
  eden space 31744K, 0% used [0x00000000d7100000,0x00000000d7100000,0x00000000d9000000)
  from space 5120K, 95% used [0x00000000d9000000,0x00000000d94c1cf8,0x00000000d9500000)
  to   space 5120K, 0% used [0x00000000db400000,0x00000000db400000,0x00000000db900000)
 ParOldGen       total 84992K, used 17586K [0x0000000085200000, 0x000000008a500000, 0x00000000d7100000)
  object space 84992K, 20% used [0x0000000085200000,0x000000008632c890,0x000000008a500000)
 Metaspace       used 12477K, capacity 13004K, committed 13184K, reserved 1060864K
  class space    used 1731K, capacity 1885K, committed 1920K, reserved 1048576K
}
Event: 3.337 GC heap before
{Heap before GC invocations=2 (full 0):
 PSYoungGen      total 36864K, used 36615K [0x00000000d7100000, 0x00000000db900000, 0x0000000100000000)
  eden space 31744K, 100% used [0x00000000d7100000,0x00000000d9000000,0x00000000d9000000)
  from space 5120K, 95% used [0x00000000d9000000,0x00000000d94c1cf8,0x00000000d9500000)
  to   space 5120K, 0% used [0x00000000db400000,0x00000000db400000,0x00000000db900000)
 ParOldGen       total 84992K, used 17586K [0x0000000085200000, 0x000000008a500000, 0x00000000d7100000)
  object space 84992K, 20% used [0x0000000085200000,0x000000008632c890,0x000000008a500000)
 Metaspace       used 17243K, capacity 17880K, committed 18176K, reserved 1064960K
  class space    used 2324K, capacity 2490K, committed 2560K, reserved 1048576K
Event: 3.346 GC heap after
Heap after GC invocations=2 (full 0):
 PSYoungGen      total 36864K, used 5091K [0x00000000d7100000, 0x00000000db900000, 0x0000000100000000)
  eden space 31744K, 0% used [0x00000000d7100000,0x00000000d7100000,0x00000000d9000000)
  from space 5120K, 99% used [0x00000000db400000,0x00000000db8f8f70,0x00000000db900000)
  to   space 5120K, 0% used [0x00000000d9000000,0x00000000d9000000,0x00000000d9500000)
 ParOldGen       total 84992K, used 20294K [0x0000000085200000, 0x000000008a500000, 0x00000000d7100000)
  object space 84992K, 23% used [0x0000000085200000,0x00000000865d1840,0x000000008a500000)
 Metaspace       used 17243K, capacity 17880K, committed 18176K, reserved 1064960K
  class space    used 2324K, capacity 2490K, committed 2560K, reserved 1048576K
}
Event: 4.634 GC heap before
{Heap before GC invocations=3 (full 0):
 PSYoungGen      total 36864K, used 22054K [0x00000000d7100000, 0x00000000db900000, 0x0000000100000000)
  eden space 31744K, 53% used [0x00000000d7100000,0x00000000d8190998,0x00000000d9000000)
  from space 5120K, 99% used [0x00000000db400000,0x00000000db8f8f70,0x00000000db900000)
  to   space 5120K, 0% used [0x00000000d9000000,0x00000000d9000000,0x00000000d9500000)
 ParOldGen       total 84992K, used 20294K [0x0000000085200000, 0x000000008a500000, 0x00000000d7100000)
  object space 84992K, 23% used [0x0000000085200000,0x00000000865d1840,0x000000008a500000)
 Metaspace       used 20417K, capacity 21096K, committed 21248K, reserved 1067008K
  class space    used 2756K, capacity 2956K, committed 3072K, reserved 1048576K
Event: 4.642 GC heap after
Heap after GC invocations=3 (full 0):
 PSYoungGen      total 36864K, used 5115K [0x00000000d7100000, 0x00000000db480000, 0x0000000100000000)
  eden space 31744K, 0% used [0x00000000d7100000,0x00000000d7100000,0x00000000d9000000)
  from space 5120K, 99% used [0x00000000d9000000,0x00000000d94fef90,0x00000000d9500000)
  to   space 5120K, 0% used [0x00000000daf80000,0x00000000daf80000,0x00000000db480000)
 ParOldGen       total 84992K, used 24021K [0x0000000085200000, 0x000000008a500000, 0x00000000d7100000)
  object space 84992K, 28% used [0x0000000085200000,0x0000000086975690,0x000000008a500000)
 Metaspace       used 20417K, capacity 21096K, committed 21248K, reserved 1067008K
  class space    used 2756K, capacity 2956K, committed 3072K, reserved 1048576K
}
Event: 4.642 GC heap before
{Heap before GC invocations=4 (full 1):
 PSYoungGen      total 36864K, used 5115K [0x00000000d7100000, 0x00000000db480000, 0x0000000100000000)
  eden space 31744K, 0% used [0x00000000d7100000,0x00000000d7100000,0x00000000d9000000)
  from space 5120K, 99% used [0x00000000d9000000,0x00000000d94fef90,0x00000000d9500000)
  to   space 5120K, 0% used [0x00000000daf80000,0x00000000daf80000,0x00000000db480000)
 ParOldGen       total 84992K, used 24021K [0x0000000085200000, 0x000000008a500000, 0x00000000d7100000)
  object space 84992K, 28% used [0x0000000085200000,0x0000000086975690,0x000000008a500000)
 Metaspace       used 20417K, capacity 21096K, committed 21248K, reserved 1067008K
  class space    used 2756K, capacity 2956K, committed 3072K, reserved 1048576K
Event: 4.686 GC heap after
Heap after GC invocations=4 (full 1):
 PSYoungGen      total 36864K, used 0K [0x00000000d7100000, 0x00000000db480000, 0x0000000100000000)
  eden space 31744K, 0% used [0x00000000d7100000,0x00000000d7100000,0x00000000d9000000)
  from space 5120K, 0% used [0x00000000d9000000,0x00000000d9000000,0x00000000d9500000)
  to   space 5120K, 0% used [0x00000000daf80000,0x00000000daf80000,0x00000000db480000)
 ParOldGen       total 85504K, used 27764K [0x0000000085200000, 0x000000008a580000, 0x00000000d7100000)
  object space 85504K, 32% used [0x0000000085200000,0x0000000086d1d060,0x000000008a580000)
 Metaspace       used 20417K, capacity 21096K, committed 21248K, reserved 1067008K
  class space    used 2756K, capacity 2956K, committed 3072K, reserved 1048576K
}

