# JRE version: Java(TM) SE Runtime Environment (8.0_91-b14) (build 1.8.0_91-b14)
# Java VM: Java HotSpot(TM) 64-Bit Server VM (25.91-b14 mixed mode linux-amd64 compressed oops)
Heap:
 PSYoungGen      total 36864K, used 7864K [0x00000000d7100000, 0x00000000db480000, 0x0000000100000000)
  eden space 31744K, 24% used [0x00000000d7100000,0x00000000d78ae198,0x00000000d9000000)
  from space 5120K, 0% used [0x00000000d9000000,0x00000000d9000000,0x00000000d9500000)
  to   space 5120K, 0% used [0x00000000daf80000,0x00000000daf80000,0x00000000db480000)
 ParOldGen       total 84992K, used 27775K [0x0000000085200000, 0x000000008a500000, 0x00000000d7100000)
  object space 84992K, 32% used [0x0000000085200000,0x0000000086d1fe50,0x000000008a500000)
 Metaspace       used 22437K, capacity 23260K, committed 23424K, reserved 1069056K
  class space    used 3164K, capacity 3368K, committed 3456K, reserved 1048576K
GC Heap History (8 events):
Event: 1.453 GC heap before
{Heap before GC invocations=1 (full 0):
 PSYoungGen      total 36864K, used 31744K [0x00000000d7100000, 0x00000000d9a00000, 0x0000000100000000)
  eden space 31744K, 100% used [0x00000000d7100000,0x00000000d9000000,0x00000000d9000000)
  from space 5120K, 0% used [0x00000000d9500000,0x00000000d9500000,0x00000000d9a00000)
  to   space 5120K, 0% used [0x00000000d9000000,0x00000000d9000000,0x00000000d9500000)
 ParOldGen       total 84992K, used 17578K [0x0000000085200000, 0x000000008a500000, 0x00000000d7100000)
  object space 84992K, 20% used [0x0000000085200000,0x000000008632a890,0x000000008a500000)
 Metaspace       used 12472K, capacity 13004K, committed 13184K, reserved 1060864K
  class space    used 1729K, capacity 1885K, committed 1920K, reserved 1048576K
Event: 1.469 GC heap after
Heap after GC invocations=1 (full 0):
 PSYoungGen      total 36864K, used 4871K [0x00000000d7100000, 0x00000000db900000, 0x0000000100000000)
  eden space 31744K, 0% used [0x00000000d7100000,0x00000000d7100000,0x00000000d9000000)
  from space 5120K, 95% used [0x00000000d9000000,0x00000000d94c1cf8,0x00000000d9500000)
  to   space 5120K, 0% used [0x00000000db400000,0x00000000db400000,0x00000000db900000)
 ParOldGen       total 84992K, used 17586K [0x0000000085200000, 0x000000008a500000, 0x00000000d7100000)
  object space 84992K, 20% used [0x0000000085200000,0x000000008632c890,0x000000008a500000)
 Metaspace       used 12472K, capacity 13004K, committed 13184K, reserved 1060864K
  class space    used 1729K, capacity 1885K, committed 1920K, reserved 1048576K
}
Event: 3.223 GC heap before
{Heap before GC invocations=2 (full 0):
 PSYoungGen      total 36864K, used 36615K [0x00000000d7100000, 0x00000000db900000, 0x0000000100000000)
  eden space 31744K, 99% used [0x00000000d7100000,0x00000000d8ffff18,0x00000000d9000000)
  from space 5120K, 95% used [0x00000000d9000000,0x00000000d94c1cf8,0x00000000d9500000)
  to   space 5120K, 0% used [0x00000000db400000,0x00000000db400000,0x00000000db900000)
 ParOldGen       total 84992K, used 17586K [0x0000000085200000, 0x000000008a500000, 0x00000000d7100000)
  object space 84992K, 20% used [0x0000000085200000,0x000000008632c890,0x000000008a500000)
 Metaspace       used 17604K, capacity 18266K, committed 18432K, reserved 1064960K
  class space    used 2372K, capacity 2555K, committed 2560K, reserved 1048576K
Event: 3.230 GC heap after
Heap after GC invocations=2 (full 0):
 PSYoungGen      total 36864K, used 5089K [0x00000000d7100000, 0x00000000db900000, 0x0000000100000000)
  eden space 31744K, 0% used [0x00000000d7100000,0x00000000d7100000,0x00000000d9000000)
  from space 5120K, 99% used [0x00000000db400000,0x00000000db8f84e0,0x00000000db900000)
  to   space 5120K, 0% used [0x00000000d9000000,0x00000000d9000000,0x00000000d9500000)
 ParOldGen       total 84992K, used 20320K [0x0000000085200000, 0x000000008a500000, 0x00000000d7100000)
  object space 84992K, 23% used [0x0000000085200000,0x00000000865d8028,0x000000008a500000)
 Metaspace       used 17604K, capacity 18266K, committed 18432K, reserved 1064960K
  class space    used 2372K, capacity 2555K, committed 2560K, reserved 1048576K
}
Event: 4.291 GC heap before
{Heap before GC invocations=3 (full 0):
 PSYoungGen      total 36864K, used 21756K [0x00000000d7100000, 0x00000000db900000, 0x0000000100000000)
  eden space 31744K, 52% used [0x00000000d7100000,0x00000000d8146ba0,0x00000000d9000000)
  from space 5120K, 99% used [0x00000000db400000,0x00000000db8f84e0,0x00000000db900000)
  to   space 5120K, 0% used [0x00000000d9000000,0x00000000d9000000,0x00000000d9500000)
 ParOldGen       total 84992K, used 20320K [0x0000000085200000, 0x000000008a500000, 0x00000000d7100000)
  object space 84992K, 23% used [0x0000000085200000,0x00000000865d8028,0x000000008a500000)
 Metaspace       used 20412K, capacity 21034K, committed 21248K, reserved 1067008K
  class space    used 2758K, capacity 2957K, committed 3072K, reserved 1048576K
Event: 4.305 GC heap after
Heap after GC invocations=3 (full 0):
 PSYoungGen      total 36864K, used 5099K [0x00000000d7100000, 0x00000000db480000, 0x0000000100000000)
  eden space 31744K, 0% used [0x00000000d7100000,0x00000000d7100000,0x00000000d9000000)
  from space 5120K, 99% used [0x00000000d9000000,0x00000000d94faf60,0x00000000d9500000)
  to   space 5120K, 0% used [0x00000000daf80000,0x00000000daf80000,0x00000000db480000)
 ParOldGen       total 84992K, used 24037K [0x0000000085200000, 0x000000008a500000, 0x00000000d7100000)
  object space 84992K, 28% used [0x0000000085200000,0x00000000869796b8,0x000000008a500000)
 Metaspace       used 20412K, capacity 21034K, committed 21248K, reserved 1067008K
  class space    used 2758K, capacity 2957K, committed 3072K, reserved 1048576K
}
Event: 4.305 GC heap before
{Heap before GC invocations=4 (full 1):
 PSYoungGen      total 36864K, used 5099K [0x00000000d7100000, 0x00000000db480000, 0x0000000100000000)
  eden space 31744K, 0% used [0x00000000d7100000,0x00000000d7100000,0x00000000d9000000)
  from space 5120K, 99% used [0x00000000d9000000,0x00000000d94faf60,0x00000000d9500000)
  to   space 5120K, 0% used [0x00000000daf80000,0x00000000daf80000,0x00000000db480000)
 ParOldGen       total 84992K, used 24037K [0x0000000085200000, 0x000000008a500000, 0x00000000d7100000)
  object space 84992K, 28% used [0x0000000085200000,0x00000000869796b8,0x000000008a500000)
 Metaspace       used 20412K, capacity 21034K, committed 21248K, reserved 1067008K
  class space    used 2758K, capacity 2957K, committed 3072K, reserved 1048576K
Event: 4.356 GC heap after
Heap after GC invocations=4 (full 1):
 PSYoungGen      total 36864K, used 0K [0x00000000d7100000, 0x00000000db480000, 0x0000000100000000)
  eden space 31744K, 0% used [0x00000000d7100000,0x00000000d7100000,0x00000000d9000000)
  from space 5120K, 0% used [0x00000000d9000000,0x00000000d9000000,0x00000000d9500000)
  to   space 5120K, 0% used [0x00000000daf80000,0x00000000daf80000,0x00000000db480000)
 ParOldGen       total 84992K, used 27775K [0x0000000085200000, 0x000000008a500000, 0x00000000d7100000)
  object space 84992K, 32% used [0x0000000085200000,0x0000000086d1fe50,0x000000008a500000)
 Metaspace       used 20412K, capacity 21034K, committed 21248K, reserved 1067008K
  class space    used 2758K, capacity 2957K, committed 3072K, reserved 1048576K
}

